<?xml version="1.0" encoding="UTF-8"?>
<!-- Generated by org.testng.reporters.JUnitReportReporter -->
<testsuite hostname="LENOVO-PC" failures="0" tests="1" name="com.automation.TestRunner.TestRunner" time="14.426" errors="0" timestamp="29 Feb 2020 09:29:52 GMT">
  <testcase classname="com.automation.TestRunner.TestRunner" name="feature" time="14.426"/>
</testsuite> <!-- com.automation.TestRunner.TestRunner -->
