<?xml version="1.0" encoding="UTF-8"?>
<!-- Generated by org.testng.reporters.JUnitReportReporter -->
<testsuite hostname="LENOVO-PC" failures="0" tests="1" name="demo.ParametersTest" time="0.018" errors="0" timestamp="28 Feb 2020 12:28:21 GMT" skipped="0">
  <testcase classname="demo.ParametersTest" name="test1" time="0.018"/>
</testsuite> <!-- demo.ParametersTest -->
