<?xml version="1.0" encoding="UTF-8"?>
<!-- Generated by org.testng.reporters.JUnitReportReporter -->
<testsuite hostname="LENOVO-PC" failures="0" tests="5" name="demo.TestNGtest1" time="0.034" errors="0" timestamp="28 Feb 2020 17:20:28 GMT" skipped="0">
  <testcase classname="demo.TestNGtest1" name="test4" time="0.002"/>
  <testcase classname="demo.TestNGtest1" name="test5" time="0.003"/>
  <testcase classname="demo.TestNGtest1" name="tes2" time="0.002"/>
  <testcase classname="demo.TestNGtest1" name="test3" time="0.003"/>
  <testcase classname="demo.TestNGtest1" name="test1" time="0.024"/>
</testsuite> <!-- demo.TestNGtest1 -->
