<?xml version="1.0" encoding="UTF-8"?>
<!-- Generated by org.testng.reporters.JUnitReportReporter -->
<testsuite hostname="LENOVO-PC" failures="0" tests="1" name="test1.TestNGExtentReport" time="9.748" errors="0" timestamp="23 Feb 2020 08:15:10 GMT" skipped="0">
  <testcase classname="test1.TestNGExtentReport" name="test" time="9.748"/>
</testsuite> <!-- test1.TestNGExtentReport -->
