<?xml version="1.0" encoding="UTF-8"?>
<!-- Generated by org.testng.reporters.JUnitReportReporter -->
<testsuite hostname="LENOVO-PC" failures="0" tests="1" name="demo.ParametersTest" time="0.014" errors="0" timestamp="27 Feb 2020 10:25:57 GMT" skipped="0">
  <testcase classname="demo.ParametersTest" name="test1" time="0.014"/>
</testsuite> <!-- demo.ParametersTest -->
