<?xml version="1.0" encoding="UTF-8"?>
<!-- Generated by org.testng.reporters.JUnitReportReporter -->
<testsuite hostname="LENOVO-PC" failures="0" tests="2" name="demo.DependencyTest" time="0.014" errors="0" timestamp="27 Feb 2020 10:36:46 GMT" skipped="0">
  <testcase classname="demo.DependencyTest" name="Test2" time="0.012"/>
  <testcase classname="demo.DependencyTest" name="Test1" time="0.002"/>
</testsuite> <!-- demo.DependencyTest -->
