<?xml version="1.0" encoding="UTF-8"?>
<!-- Generated by org.testng.reporters.JUnitReportReporter -->
<testsuite hostname="LENOVO-PC" failures="0" tests="3" name="demo.TestNGGrouptest" time="0.019" errors="0" timestamp="27 Feb 2020 07:51:11 GMT" skipped="0">
  <testcase classname="demo.TestNGGrouptest" name="test2" time="0.002"/>
  <testcase classname="demo.TestNGGrouptest" name="test1" time="0.015"/>
  <testcase classname="demo.TestNGGrouptest" name="test3" time="0.002"/>
</testsuite> <!-- demo.TestNGGrouptest -->
